<?xml version="1.0" encoding="UTF-8"?>
<testng-results ignored="0" total="1" passed="1" failed="0" skipped="0">
  <reporter-output>
  </reporter-output>
  <suite started-at="2023-08-22T20:59:03 IST" name="Default suite" finished-at="2023-08-22T20:59:18 IST" duration-ms="15264">
    <groups>
    </groups>
    <test started-at="2023-08-22T20:59:03 IST" name="Default test" finished-at="2023-08-22T20:59:18 IST" duration-ms="15264">
      <class name="Test.ProcessOrderTests">
        <test-method is-config="true" signature="setup()[pri:0, instance:Test.ProcessOrderTests@1573f9fc]" started-at="2023-08-22T20:58:59 IST" name="setup" finished-at="2023-08-22T20:59:03 IST" duration-ms="3536" status="PASS">
          <reporter-output>
          </reporter-output>
        </test-method> <!-- setup -->
        <test-method signature="verifyProcessOrderLaunches()[pri:0, instance:Test.ProcessOrderTests@1573f9fc]" started-at="2023-08-22T20:59:03 IST" name="verifyProcessOrderLaunches" finished-at="2023-08-22T20:59:18 IST" duration-ms="15207" status="PASS">
          <reporter-output>
          </reporter-output>
        </test-method> <!-- verifyProcessOrderLaunches -->
        <test-method is-config="true" signature="teardown()[pri:0, instance:Test.ProcessOrderTests@1573f9fc]" started-at="2023-08-22T20:59:18 IST" name="teardown" finished-at="2023-08-22T20:59:19 IST" duration-ms="324" status="PASS">
          <reporter-output>
          </reporter-output>
        </test-method> <!-- teardown -->
      </class> <!-- Test.ProcessOrderTests -->
    </test> <!-- Default test -->
  </suite> <!-- Default suite -->
</testng-results>
